This is LuaTeX, Version beta-0.70.2-2012052410 (TeX Live 2012) (format=lualatex 2013.1.14)  17 JAN 2013 11:01
 restricted \write18 enabled.
**\input slides.tex
(./slides.tex (/home/berndt/texlive2012/texmf-dist/tex/latex/beamer/beamer.cls
(/home/berndt/texlive2012/texmf-dist/tex/latex/beamer/beamerbasercs.sty
Package: beamerbasercs 2012/11/13 (rcs-revision cb16a617839f)
)
Document Class: beamer 2012/10/15 development version 3.24 A class for typesett
ing presentations (rcs-revision 24853e6b98cf)
(/home/berndt/texlive2012/texmf-dist/tex/latex/beamer/beamerbasemodes.sty
Package: beamerbasemodes 2012/04/15 (rcs-revision cc6557182d97)
\beamer@tempbox=\box26
\beamer@tempcount=\count79
\c@beamerpauses=\count80

(/home/berndt/texlive2012/texmf-dist/tex/latex/beamer/beamerbasedecode.sty
Package: beamerbasedecode 2010/05/01 (rcs-revision efa082c6111d)
\beamer@slideinframe=\count81
\beamer@minimum=\count82
)
\beamer@commentbox=\box27
\beamer@modecount=\count83
)
(/home/berndt/texlive2012/texmf-dist/tex/generic/oberdiek/ifpdf.sty
Package: ifpdf 2011/01/30 v2.3 Provides the ifpdf switch (HO)
Package ifpdf Info: pdfTeX in PDF mode is detected.
)
\headheight=\dimen102
\headdp=\dimen103
\footheight=\dimen104
\sidebarheight=\dimen105
\beamer@tempdim=\dimen106
\beamer@finalheight=\dimen107
\beamer@animht=\dimen108
\beamer@animdp=\dimen109
\beamer@animwd=\dimen110
\beamer@leftmargin=\dimen111
\beamer@rightmargin=\dimen112
\beamer@leftsidebar=\dimen113
\beamer@rightsidebar=\dimen114
\beamer@boxsize=\dimen115
\beamer@vboxoffset=\dimen116
\beamer@descdefault=\dimen117
\beamer@descriptionwidth=\dimen118
\beamer@lastskip=\skip41
\beamer@areabox=\box28
\beamer@animcurrent=\box29
\beamer@animshowbox=\box30
\beamer@sectionbox=\box31
\beamer@logobox=\box32
\beamer@linebox=\box33
\beamer@sectioncount=\count84
\beamer@subsubsectionmax=\count85
\beamer@subsectionmax=\count86
\beamer@sectionmax=\count87
\beamer@totalheads=\count88
\beamer@headcounter=\count89
\beamer@partstartpage=\count90
\beamer@sectionstartpage=\count91
\beamer@subsectionstartpage=\count92
\beamer@animationtempa=\count93
\beamer@animationtempb=\count94
\beamer@xpos=\count95
\beamer@ypos=\count96
\beamer@showpartnumber=\count97
\beamer@currentsubsection=\count98
\beamer@coveringdepth=\count99
\beamer@sectionadjust=\count100
\beamer@tocsectionnumber=\count101

(/home/berndt/texlive2012/texmf-dist/tex/latex/beamer/beamerbaseoptions.sty
Package: beamerbaseoptions 2010/04/27 (rcs-revision 982469101dd6)

(/home/berndt/texlive2012/texmf-dist/tex/latex/graphics/keyval.sty
Package: keyval 1999/03/16 v1.13 key=value parser (DPC)
\KV@toks@=\toks14
))
\beamer@paperwidth=\skip42
\beamer@paperheight=\skip43

(/home/berndt/texlive2012/texmf-dist/tex/latex/geometry/geometry.sty
Package: geometry 2010/09/12 v5.6 Page Geometry

(/home/berndt/texlive2012/texmf-dist/tex/generic/oberdiek/ifvtex.sty
Package: ifvtex 2010/03/01 v1.5 Detect VTeX and its facilities (HO)
Package ifvtex Info: VTeX not detected.
)
(/home/berndt/texlive2012/texmf-dist/tex/generic/ifxetex/ifxetex.sty
Package: ifxetex 2010/09/12 v0.6 Provides ifxetex conditional
)
\Gm@cnth=\count102
\Gm@cntv=\count103
\c@Gm@tempcnt=\count104
\Gm@bindingoffset=\dimen119
\Gm@wd@mp=\dimen120
\Gm@odd@mp=\dimen121
\Gm@even@mp=\dimen122
\Gm@layoutwidth=\dimen123
\Gm@layoutheight=\dimen124
\Gm@layouthoffset=\dimen125
\Gm@layoutvoffset=\dimen126
\Gm@dimlist=\toks15
)
(/home/berndt/texlive2012/texmf-dist/tex/latex/base/size10.clo
File: size10.clo 2007/10/19 v1.4h Standard LaTeX file (size option)
)
(/home/berndt/texlive2012/texmf-dist/tex/latex/pgf/basiclayer/pgfcore.sty
(/home/berndt/texlive2012/texmf-dist/tex/latex/graphics/graphicx.sty
Package: graphicx 1999/02/16 v1.0f Enhanced LaTeX Graphics (DPC,SPQR)

(/home/berndt/texlive2012/texmf-dist/tex/latex/graphics/graphics.sty
Package: graphics 2009/02/05 v1.0o Standard LaTeX Graphics (DPC,SPQR)

(/home/berndt/texlive2012/texmf-dist/tex/latex/graphics/trig.sty
Package: trig 1999/03/16 v1.09 sin cos tan (DPC)
)
(/home/berndt/texlive2012/texmf-dist/tex/latex/latexconfig/graphics.cfg
File: graphics.cfg 2010/04/23 v1.9 graphics configuration of TeX Live
)
Package graphics Info: Driver file: pdftex.def on input line 91.

(/home/berndt/texlive2012/texmf-dist/tex/latex/pdftex-def/pdftex.def
File: pdftex.def 2011/05/27 v0.06d Graphics/color for pdfTeX

(/home/berndt/texlive2012/texmf-dist/tex/generic/oberdiek/infwarerr.sty
Package: infwarerr 2010/04/08 v1.3 Providing info/warning/error messages (HO)
)
(/home/berndt/texlive2012/texmf-dist/tex/generic/oberdiek/ltxcmds.sty
Package: ltxcmds 2011/11/09 v1.22 LaTeX kernel commands for general use (HO)
)
(/home/berndt/texlive2012/texmf-dist/tex/generic/oberdiek/pdftexcmds.sty
Package: pdftexcmds 2011/11/29 v0.20 Utility functions of pdfTeX for LuaTeX (HO
)

(/home/berndt/texlive2012/texmf-dist/tex/generic/oberdiek/ifluatex.sty
Package: ifluatex 2010/03/01 v1.3 Provides the ifluatex switch (HO)
Package ifluatex Info: LuaTeX detected.
)
Package pdftexcmds Info: \pdf@primitive is available.
Package pdftexcmds Info: \pdf@ifprimitive is available.
Package pdftexcmds Info: \pdfdraftmode found.

(/home/berndt/texlive2012/texmf-dist/tex/generic/oberdiek/luatex-loader.sty
Package: luatex-loader 2010/03/09 v0.4 Lua module loader (HO)

(/home/berndt/texlive2012/texmf-dist/scripts/oberdiek/oberdiek.luatex.lua))
\pdftexcmds@toks=\toks16
)
\Gread@gobject=\count105
))
\Gin@req@height=\dimen127
\Gin@req@width=\dimen128
) (/home/berndt/texlive2012/texmf-dist/tex/latex/pgf/systemlayer/pgfsys.sty
(/home/berndt/texlive2012/texmf-dist/tex/latex/pgf/utilities/pgfrcs.sty
(/home/berndt/texlive2012/texmf-dist/tex/generic/pgf/utilities/pgfutil-common.t
ex
\pgfutil@everybye=\toks17
)
(/home/berndt/texlive2012/texmf-dist/tex/generic/pgf/utilities/pgfutil-latex.de
f
\pgfutil@abb=\box34
 (/home/berndt/texlive2012/texmf-dist/tex/latex/ms/everyshi.sty
Package: everyshi 2001/05/15 v3.00 EveryShipout Package (MS)
))
(/home/berndt/texlive2012/texmf-dist/tex/generic/pgf/utilities/pgfrcs.code.tex
Package: pgfrcs 2010/10/25 v2.10 (rcs-revision 1.24)
))
(/home/berndt/texlive2012/texmf-dist/tex/generic/pgf/systemlayer/pgfsys.code.te
x
Package: pgfsys 2010/06/30 v2.10 (rcs-revision 1.37)

(/home/berndt/texlive2012/texmf-dist/tex/generic/pgf/utilities/pgfkeys.code.tex
\pgfkeys@pathtoks=\toks18
\pgfkeys@temptoks=\toks19

(/home/berndt/texlive2012/texmf-dist/tex/generic/pgf/utilities/pgfkeysfiltered.
code.tex
\pgfkeys@tmptoks=\toks20
))
\pgf@x=\dimen129
\pgf@y=\dimen130
\pgf@xa=\dimen131
\pgf@ya=\dimen132
\pgf@xb=\dimen133
\pgf@yb=\dimen134
\pgf@xc=\dimen135
\pgf@yc=\dimen136
\w@pgf@writea=\write3
\r@pgf@reada=\read1
\c@pgf@counta=\count106
\c@pgf@countb=\count107
\c@pgf@countc=\count108
\c@pgf@countd=\count109

(/home/berndt/texlive2012/texmf-dist/tex/generic/pgf/systemlayer/pgf.cfg
File: pgf.cfg 2008/05/14  (rcs-revision 1.7)
)
Package pgfsys Info: Driver file for pgf: pgfsys-pdftex.def on input line 900.

(/home/berndt/texlive2012/texmf-dist/tex/generic/pgf/systemlayer/pgfsys-pdftex.
def
File: pgfsys-pdftex.def 2009/05/22  (rcs-revision 1.26)

(/home/berndt/texlive2012/texmf-dist/tex/generic/pgf/systemlayer/pgfsys-common-
pdf.def
File: pgfsys-common-pdf.def 2008/05/19  (rcs-revision 1.10)
)))
(/home/berndt/texlive2012/texmf-dist/tex/generic/pgf/systemlayer/pgfsyssoftpath
.code.tex
File: pgfsyssoftpath.code.tex 2008/07/18  (rcs-revision 1.7)
\pgfsyssoftpath@smallbuffer@items=\count110
\pgfsyssoftpath@bigbuffer@items=\count111
)
(/home/berndt/texlive2012/texmf-dist/tex/generic/pgf/systemlayer/pgfsysprotocol
.code.tex
File: pgfsysprotocol.code.tex 2006/10/16  (rcs-revision 1.4)
)) (/home/berndt/texlive2012/texmf-dist/tex/latex/xcolor/xcolor.sty
Package: xcolor 2007/01/21 v2.11 LaTeX color extensions (UK)

(/home/berndt/texlive2012/texmf-dist/tex/latex/latexconfig/color.cfg
File: color.cfg 2007/01/18 v1.5 color configuration of teTeX/TeXLive
)
Package xcolor Info: Driver file: pdftex.def on input line 225.

(/home/berndt/texlive2012/texmf-dist/tex/latex/colortbl/colortbl.sty
Package: colortbl 2012/02/13 v1.0a Color table columns (DPC)

(/home/berndt/texlive2012/texmf-dist/tex/latex/tools/array.sty
Package: array 2008/09/09 v2.4c Tabular extension package (FMi)
\col@sep=\dimen137
\extrarowheight=\dimen138
\NC@list=\toks21
\extratabsurround=\skip44
\backup@length=\skip45
)
\everycr=\toks22
\minrowclearance=\skip46
)
\rownum=\count112
Package xcolor Info: Model `cmy' substituted by `cmy0' on input line 1337.
Package xcolor Info: Model `hsb' substituted by `rgb' on input line 1341.
Package xcolor Info: Model `RGB' extended on input line 1353.
Package xcolor Info: Model `HTML' substituted by `rgb' on input line 1355.
Package xcolor Info: Model `Hsb' substituted by `hsb' on input line 1356.
Package xcolor Info: Model `tHsb' substituted by `hsb' on input line 1357.
Package xcolor Info: Model `HSB' substituted by `hsb' on input line 1358.
Package xcolor Info: Model `Gray' substituted by `gray' on input line 1359.
Package xcolor Info: Model `wave' substituted by `hsb' on input line 1360.
)
(/home/berndt/texlive2012/texmf-dist/tex/generic/pgf/basiclayer/pgfcore.code.te
x
Package: pgfcore 2010/04/11 v2.10 (rcs-revision 1.7)
 (/home/berndt/texlive2012/texmf-dist/tex/generic/pgf/math/pgfmath.code.tex
(/home/berndt/texlive2012/texmf-dist/tex/generic/pgf/math/pgfmathcalc.code.tex
(/home/berndt/texlive2012/texmf-dist/tex/generic/pgf/math/pgfmathutil.code.tex)

(/home/berndt/texlive2012/texmf-dist/tex/generic/pgf/math/pgfmathparser.code.te
x
\pgfmath@dimen=\dimen139
\pgfmath@count=\count113
\pgfmath@box=\box35
\pgfmath@toks=\toks23
\pgfmath@stack@operand=\toks24
\pgfmath@stack@operation=\toks25
)
(/home/berndt/texlive2012/texmf-dist/tex/generic/pgf/math/pgfmathfunctions.code
.tex
(/home/berndt/texlive2012/texmf-dist/tex/generic/pgf/math/pgfmathfunctions.basi
c.code.tex)
(/home/berndt/texlive2012/texmf-dist/tex/generic/pgf/math/pgfmathfunctions.trig
onometric.code.tex)
(/home/berndt/texlive2012/texmf-dist/tex/generic/pgf/math/pgfmathfunctions.rand
om.code.tex)
(/home/berndt/texlive2012/texmf-dist/tex/generic/pgf/math/pgfmathfunctions.comp
arison.code.tex)
(/home/berndt/texlive2012/texmf-dist/tex/generic/pgf/math/pgfmathfunctions.base
.code.tex)
(/home/berndt/texlive2012/texmf-dist/tex/generic/pgf/math/pgfmathfunctions.roun
d.code.tex)
(/home/berndt/texlive2012/texmf-dist/tex/generic/pgf/math/pgfmathfunctions.misc
.code.tex)))
(/home/berndt/texlive2012/texmf-dist/tex/generic/pgf/math/pgfmathfloat.code.tex
\c@pgfmathroundto@lastzeros=\count114
))
(/home/berndt/texlive2012/texmf-dist/tex/generic/pgf/basiclayer/pgfcorepoints.c
ode.tex
File: pgfcorepoints.code.tex 2010/04/09  (rcs-revision 1.20)
\pgf@picminx=\dimen140
\pgf@picmaxx=\dimen141
\pgf@picminy=\dimen142
\pgf@picmaxy=\dimen143
\pgf@pathminx=\dimen144
\pgf@pathmaxx=\dimen145
\pgf@pathminy=\dimen146
\pgf@pathmaxy=\dimen147
\pgf@xx=\dimen148
\pgf@xy=\dimen149
\pgf@yx=\dimen150
\pgf@yy=\dimen151
\pgf@zx=\dimen152
\pgf@zy=\dimen153
)
(/home/berndt/texlive2012/texmf-dist/tex/generic/pgf/basiclayer/pgfcorepathcons
truct.code.tex
File: pgfcorepathconstruct.code.tex 2010/08/03  (rcs-revision 1.24)
\pgf@path@lastx=\dimen154
\pgf@path@lasty=\dimen155
)
(/home/berndt/texlive2012/texmf-dist/tex/generic/pgf/basiclayer/pgfcorepathusag
e.code.tex
File: pgfcorepathusage.code.tex 2008/04/22  (rcs-revision 1.12)
\pgf@shorten@end@additional=\dimen156
\pgf@shorten@start@additional=\dimen157
)
(/home/berndt/texlive2012/texmf-dist/tex/generic/pgf/basiclayer/pgfcorescopes.c
ode.tex
File: pgfcorescopes.code.tex 2010/09/08  (rcs-revision 1.34)
\pgfpic=\box36
\pgf@hbox=\box37
\pgf@layerbox@main=\box38
\pgf@picture@serial@count=\count115
)
(/home/berndt/texlive2012/texmf-dist/tex/generic/pgf/basiclayer/pgfcoregraphics
tate.code.tex
File: pgfcoregraphicstate.code.tex 2008/04/22  (rcs-revision 1.9)
\pgflinewidth=\dimen158
)
(/home/berndt/texlive2012/texmf-dist/tex/generic/pgf/basiclayer/pgfcoretransfor
mations.code.tex
File: pgfcoretransformations.code.tex 2009/06/10  (rcs-revision 1.11)
\pgf@pt@x=\dimen159
\pgf@pt@y=\dimen160
\pgf@pt@temp=\dimen161
)
(/home/berndt/texlive2012/texmf-dist/tex/generic/pgf/basiclayer/pgfcorequick.co
de.tex
File: pgfcorequick.code.tex 2008/10/09  (rcs-revision 1.3)
)
(/home/berndt/texlive2012/texmf-dist/tex/generic/pgf/basiclayer/pgfcoreobjects.
code.tex
File: pgfcoreobjects.code.tex 2006/10/11  (rcs-revision 1.2)
)
(/home/berndt/texlive2012/texmf-dist/tex/generic/pgf/basiclayer/pgfcorepathproc
essing.code.tex
File: pgfcorepathprocessing.code.tex 2008/10/09  (rcs-revision 1.8)
)
(/home/berndt/texlive2012/texmf-dist/tex/generic/pgf/basiclayer/pgfcorearrows.c
ode.tex
File: pgfcorearrows.code.tex 2008/04/23  (rcs-revision 1.11)
)
(/home/berndt/texlive2012/texmf-dist/tex/generic/pgf/basiclayer/pgfcoreshade.co
de.tex
File: pgfcoreshade.code.tex 2008/11/23  (rcs-revision 1.13)
\pgf@max=\dimen162
\pgf@sys@shading@range@num=\count116
)
(/home/berndt/texlive2012/texmf-dist/tex/generic/pgf/basiclayer/pgfcoreimage.co
de.tex
File: pgfcoreimage.code.tex 2010/03/25  (rcs-revision 1.16)

(/home/berndt/texlive2012/texmf-dist/tex/generic/pgf/basiclayer/pgfcoreexternal
.code.tex
File: pgfcoreexternal.code.tex 2010/09/01  (rcs-revision 1.17)
\pgfexternal@startupbox=\box39
))
(/home/berndt/texlive2012/texmf-dist/tex/generic/pgf/basiclayer/pgfcorelayers.c
ode.tex
File: pgfcorelayers.code.tex 2010/08/27  (rcs-revision 1.2)
)
(/home/berndt/texlive2012/texmf-dist/tex/generic/pgf/basiclayer/pgfcoretranspar
ency.code.tex
File: pgfcoretransparency.code.tex 2008/01/17  (rcs-revision 1.2)
)
(/home/berndt/texlive2012/texmf-dist/tex/generic/pgf/basiclayer/pgfcorepatterns
.code.tex
File: pgfcorepatterns.code.tex 2009/07/02  (rcs-revision 1.3)
)))
(/home/berndt/texlive2012/texmf-dist/tex/latex/pgf/utilities/xxcolor.sty
Package: xxcolor 2003/10/24 ver 0.1
\XC@nummixins=\count117
\XC@countmixins=\count118
)
(/home/berndt/texlive2012/texmf-dist/tex/latex/hyperref/hyperref.sty
Package: hyperref 2012/11/06 v6.83m Hypertext links for LaTeX

(/home/berndt/texlive2012/texmf-dist/tex/generic/oberdiek/hobsub-hyperref.sty
Package: hobsub-hyperref 2012/05/28 v1.13 Bundle oberdiek, subset hyperref (HO)


(/home/berndt/texlive2012/texmf-dist/tex/generic/oberdiek/hobsub-generic.sty
Package: hobsub-generic 2012/05/28 v1.13 Bundle oberdiek, subset generic (HO)
Package: hobsub 2012/05/28 v1.13 Construct package bundles (HO)
Package hobsub Info: Skipping package `infwarerr' (already loaded).
Package hobsub Info: Skipping package `ltxcmds' (already loaded).
Package hobsub Info: Skipping package `ifluatex' (already loaded).
Package hobsub Info: Skipping package `ifvtex' (already loaded).
Package: intcalc 2007/09/27 v1.1 Expandable calculations with integers (HO)
Package hobsub Info: Skipping package `ifpdf' (already loaded).
Package: etexcmds 2011/02/16 v1.5 Avoid name clashes with e-TeX commands (HO)
Package: kvsetkeys 2012/04/25 v1.16 Key value parser (HO)
Package: kvdefinekeys 2011/04/07 v1.3 Define keys (HO)
Package hobsub Info: Skipping package `luatex-loader' (already loaded).
Package hobsub Info: Skipping package `pdftexcmds' (already loaded).
Package: pdfescape 2011/11/25 v1.13 Implements pdfTeX's escape features (HO)
Package: bigintcalc 2012/04/08 v1.3 Expandable calculations on big integers (HO
)
Package: bitset 2011/01/30 v1.1 Handle bit-vector datatype (HO)
Package: uniquecounter 2011/01/30 v1.2 Provide unlimited unique counter (HO)
)
Package hobsub Info: Skipping package `hobsub' (already loaded).
Package: letltxmacro 2010/09/02 v1.4 Let assignment for LaTeX macros (HO)
Package: hopatch 2012/05/28 v1.2 Wrapper for package hooks (HO)
Package: xcolor-patch 2011/01/30 xcolor patch
Package: atveryend 2011/06/30 v1.8 Hooks at the very end of document (HO)
Package atveryend Info: \enddocument detected (standard20110627).
Package: atbegshi 2011/10/05 v1.16 At begin shipout hook (HO)
Package: refcount 2011/10/16 v3.4 Data extraction from label references (HO)
Package: hycolor 2011/01/30 v1.7 Color options for hyperref/bookmark (HO)
)
(/home/berndt/texlive2012/texmf-dist/tex/latex/oberdiek/auxhook.sty
Package: auxhook 2011/03/04 v1.3 Hooks for auxiliary files (HO)
)
(/home/berndt/texlive2012/texmf-dist/tex/latex/oberdiek/kvoptions.sty
Package: kvoptions 2011/06/30 v3.11 Key value format for package options (HO)
)
\@linkdim=\dimen163
\Hy@linkcounter=\count119
\Hy@pagecounter=\count120

(/home/berndt/texlive2012/texmf-dist/tex/latex/hyperref/pd1enc.def
File: pd1enc.def 2012/11/06 v6.83m Hyperref: PDFDocEncoding definition (HO)
)
\Hy@SavedSpaceFactor=\count121

(/home/berndt/texlive2012/texmf-dist/tex/latex/latexconfig/hyperref.cfg
File: hyperref.cfg 2002/06/06 v1.2 hyperref configuration of TeXLive
)
Package hyperref Info: Option `bookmarks' set `true' on input line 4319.
Package hyperref Info: Option `bookmarksopen' set `true' on input line 4319.
Package hyperref Info: Option `implicit' set `false' on input line 4319.
Package hyperref Info: Hyper figures OFF on input line 4443.
Package hyperref Info: Link nesting OFF on input line 4448.
Package hyperref Info: Hyper index ON on input line 4451.
Package hyperref Info: Plain pages OFF on input line 4458.
Package hyperref Info: Backreferencing OFF on input line 4463.
Package hyperref Info: Implicit mode OFF; no redefinition of LaTeX internals.
Package hyperref Info: Bookmarks ON on input line 4688.
\c@Hy@tempcnt=\count122

(/home/berndt/texlive2012/texmf-dist/tex/latex/url/url.sty
\Urlmuskip=\muskip10
Package: url 2006/04/12  ver 3.3  Verb mode for urls, etc.
)
LaTeX Info: Redefining \url on input line 5041.
\XeTeXLinkMargin=\dimen164
\Fld@menulength=\count123
\Field@Width=\dimen165
\Fld@charsize=\dimen166
Package hyperref Info: Hyper figures OFF on input line 6295.
Package hyperref Info: Link nesting OFF on input line 6300.
Package hyperref Info: Hyper index ON on input line 6303.
Package hyperref Info: backreferencing OFF on input line 6310.
Package hyperref Info: Link coloring OFF on input line 6315.
Package hyperref Info: Link coloring with OCG OFF on input line 6320.
Package hyperref Info: PDF/A mode OFF on input line 6325.
LaTeX Info: Redefining \ref on input line 6365.
LaTeX Info: Redefining \pageref on input line 6369.
\Hy@abspage=\count124


Package hyperref Message: Stopped early.

)

Package hyperref Message: Driver (autodetected): hpdftex.

(/home/berndt/texlive2012/texmf-dist/tex/latex/hyperref/hpdftex.def
File: hpdftex.def 2012/11/06 v6.83m Hyperref driver for pdfTeX
\Fld@listcount=\count125
\c@bookmark@seq@number=\count126

(/home/berndt/texlive2012/texmf-dist/tex/latex/oberdiek/rerunfilecheck.sty
Package: rerunfilecheck 2011/04/15 v1.7 Rerun checks for auxiliary files (HO)
Package uniquecounter Info: New unique counter `rerunfilecheck' on input line 2
82.
))
(/home/berndt/texlive2012/texmf-dist/tex/latex/beamer/beamerbaserequires.sty
Package: beamerbaserequires 2010/05/01  (rcs-revision efa082c6111d)

(/home/berndt/texlive2012/texmf-dist/tex/latex/beamer/beamerbasecompatibility.s
ty
Package: beamerbasecompatibility 2012/05/01  (rcs-revision 67c48b3b652d)
) (/home/berndt/texlive2012/texmf-dist/tex/latex/beamer/beamerbasefont.sty
Package: beamerbasefont 2012/09/19  (rcs-revision 733629cd0c6c)

(/home/berndt/texlive2012/texmf-dist/tex/latex/amsfonts/amssymb.sty
Package: amssymb 2009/06/22 v3.00

(/home/berndt/texlive2012/texmf-dist/tex/latex/amsfonts/amsfonts.sty
Package: amsfonts 2009/06/22 v3.00 Basic AMSFonts support
\@emptytoks=\toks26
\symAMSa=\mathgroup4
\symAMSb=\mathgroup5
LaTeX Font Info:    Overwriting math alphabet `\mathfrak' in version `bold'
(Font)                  U/euf/m/n --> U/euf/b/n on input line 96.
)))
(/home/berndt/texlive2012/texmf-dist/tex/latex/beamer/beamerbasetranslator.sty
Package: beamerbasetranslator 2010/06/11  (rcs-revision 85fd1cc7fc42)

(/home/berndt/texlive2012/texmf-dist/tex/latex/beamer/translator/translator.sty
Package: translator 2010/06/12 ver 1.10

(/home/berndt/texlive2012/texmf-dist/tex/latex/beamer/translator/translator-lan
guage-mappings.tex)))
(/home/berndt/texlive2012/texmf-dist/tex/latex/beamer/beamerbasemisc.sty
Package: beamerbasemisc 2012/02/24  (rcs-revision 2ff5461be705)
)
(/home/berndt/texlive2012/texmf-dist/tex/latex/beamer/beamerbasetwoscreens.sty
Package: beamerbasetwoscreens 2010/05/01  (rcs-revision efa082c6111d)
) (/home/berndt/texlive2012/texmf-dist/tex/latex/beamer/beamerbaseoverlay.sty
Package: beamerbaseoverlay 2012/11/11  (rcs-revision 6afbc49b1109)
\beamer@argscount=\count127
\beamer@lastskipcover=\skip47
\beamer@trivlistdepth=\count128
)
(/home/berndt/texlive2012/texmf-dist/tex/latex/beamer/beamerbasetitle.sty
Package: beamerbasetitle 2010/09/21  (rcs-revision f0446ed0b6ae)
)
(/home/berndt/texlive2012/texmf-dist/tex/latex/beamer/beamerbasesection.sty
Package: beamerbasesection 2012/11/11  (rcs-revision 0056eef6f17f)
\c@lecture=\count129
\c@part=\count130
\c@section=\count131
\c@subsection=\count132
\c@subsubsection=\count133
)
(/home/berndt/texlive2012/texmf-dist/tex/latex/beamer/beamerbaseframe.sty
Package: beamerbaseframe 2012/09/13  (rcs-revision dcd846607320)
\beamer@framebox=\box40
\beamer@frametitlebox=\box41
\beamer@zoombox=\box42
\beamer@zoomcount=\count134
\beamer@zoomframecount=\count135
\beamer@frametextheight=\dimen167
\c@subsectionslide=\count136
\beamer@frametopskip=\skip48
\beamer@framebottomskip=\skip49
\beamer@frametopskipautobreak=\skip50
\beamer@framebottomskipautobreak=\skip51
\beamer@envbody=\toks27
\framewidth=\dimen168
\c@framenumber=\count137
)
(/home/berndt/texlive2012/texmf-dist/tex/latex/beamer/beamerbaseverbatim.sty
Package: beamerbaseverbatim 2012/08/30  (rcs-revision dfdb135076b3)
\beamer@verbatimfileout=\write4
)
(/home/berndt/texlive2012/texmf-dist/tex/latex/beamer/beamerbaseframesize.sty
Package: beamerbaseframesize 2011/09/12  (rcs-revision 70f9d8411e54)
\beamer@splitbox=\box43
\beamer@autobreakcount=\count138
\beamer@autobreaklastheight=\dimen169
\beamer@frametitletoks=\toks28
\beamer@framesubtitletoks=\toks29
)
(/home/berndt/texlive2012/texmf-dist/tex/latex/beamer/beamerbaseframecomponents
.sty
Package: beamerbaseframecomponents 2012/09/13  (rcs-revision dcd846607320)
\beamer@footins=\box44
) (/home/berndt/texlive2012/texmf-dist/tex/latex/beamer/beamerbasecolor.sty
Package: beamerbasecolor 2010/06/06  (rcs-revision d1a9b48be06d)
) (/home/berndt/texlive2012/texmf-dist/tex/latex/beamer/beamerbasenotes.sty
Package: beamerbasenotes 2010/05/01  (rcs-revision efa082c6111d)
\beamer@frameboxcopy=\box45
)
(/home/berndt/texlive2012/texmf-dist/tex/latex/beamer/beamerbasetoc.sty
Package: beamerbasetoc 2012/10/02  (rcs-revision 5ed0f4010e8a)
)
(/home/berndt/texlive2012/texmf-dist/tex/latex/beamer/beamerbasetemplates.sty
Package: beamerbasetemplates 2010/05/01  (rcs-revision efa082c6111d)
\beamer@sbttoks=\toks30

(/home/berndt/texlive2012/texmf-dist/tex/latex/beamer/beamerbaseauxtemplates.st
y
Package: beamerbaseauxtemplates 2012/05/01  (rcs-revision 67c48b3b652d)
 (/home/berndt/texlive2012/texmf-dist/tex/latex/beamer/beamerbaseboxes.sty
Package: beamerbaseboxes 2012/05/13  (rcs-revision 56972908a390)
\bmb@box=\box46
\bmb@colorbox=\box47
\bmb@boxshadow=\box48
\bmb@boxshadowball=\box49
\bmb@boxshadowballlarge=\box50
\bmb@temp=\dimen170
\bmb@dima=\dimen171
\bmb@dimb=\dimen172
\bmb@prevheight=\dimen173
)
\beamer@blockheadheight=\dimen174
))
(/home/berndt/texlive2012/texmf-dist/tex/latex/beamer/beamerbaselocalstructure.
sty
Package: beamerbaselocalstructure 2012/11/13  (rcs-revision ddfba79dac19)
 (/home/berndt/texlive2012/texmf-dist/tex/latex/tools/enumerate.sty
Package: enumerate 1999/03/05 v3.00 enumerate extensions (DPC)
\@enLab=\toks31
)
\c@figure=\count139
\c@table=\count140
\abovecaptionskip=\skip52
\belowcaptionskip=\skip53
)
(/home/berndt/texlive2012/texmf-dist/tex/latex/beamer/beamerbasenavigation.sty
Package: beamerbasenavigation 2012/04/03  (rcs-revision 42a0f21a412d)
\beamer@section@min@dim=\dimen175
) (/home/berndt/texlive2012/texmf-dist/tex/latex/beamer/beamerbasetheorems.sty
Package: beamerbasetheorems 2010/06/06  (rcs-revision 7e7cc5e53e9d)

(/home/berndt/texlive2012/texmf-dist/tex/latex/amsmath/amsmath.sty
Package: amsmath 2000/07/18 v2.13 AMS math features
\@mathmargin=\skip54

For additional information on amsmath, use the `?' option.
(/home/berndt/texlive2012/texmf-dist/tex/latex/amsmath/amstext.sty
Package: amstext 2000/06/29 v2.01

(/home/berndt/texlive2012/texmf-dist/tex/latex/amsmath/amsgen.sty
File: amsgen.sty 1999/11/30 v2.0
\@emptytoks=\toks32
\ex@=\dimen176
))
(/home/berndt/texlive2012/texmf-dist/tex/latex/amsmath/amsbsy.sty
Package: amsbsy 1999/11/29 v1.2d
\pmbraise@=\dimen177
)
(/home/berndt/texlive2012/texmf-dist/tex/latex/amsmath/amsopn.sty
Package: amsopn 1999/12/14 v2.01 operator names
)
\inf@bad=\count141
LaTeX Info: Redefining \frac on input line 211.
\uproot@=\count142
\leftroot@=\count143
LaTeX Info: Redefining \overline on input line 307.
\classnum@=\count144
\DOTSCASE@=\count145
LaTeX Info: Redefining \ldots on input line 379.
LaTeX Info: Redefining \dots on input line 382.
LaTeX Info: Redefining \cdots on input line 467.
\Mathstrutbox@=\box51
\strutbox@=\box52
\big@size=\dimen178
LaTeX Font Info:    Redeclaring font encoding OML on input line 567.
LaTeX Font Info:    Redeclaring font encoding OMS on input line 568.
\macc@depth=\count146
\c@MaxMatrixCols=\count147
\dotsspace@=\muskip11
\c@parentequation=\count148
\dspbrk@lvl=\count149
\tag@help=\toks33
\row@=\count150
\column@=\count151
\maxfields@=\count152
\andhelp@=\toks34
\eqnshift@=\dimen179
\alignsep@=\dimen180
\tagshift@=\dimen181
\tagwidth@=\dimen182
\totwidth@=\dimen183
\lineht@=\dimen184
\@envbody=\toks35
\multlinegap=\skip55
\multlinetaggap=\skip56
\mathdisplay@stack=\toks36
LaTeX Info: Redefining \[ on input line 2666.
LaTeX Info: Redefining \] on input line 2667.
)
(/home/berndt/texlive2012/texmf-dist/tex/latex/amscls/amsthm.sty
Package: amsthm 2009/07/02 v2.20.1
\thm@style=\toks37
\thm@bodyfont=\toks38
\thm@headfont=\toks39
\thm@notefont=\toks40
\thm@headpunct=\toks41
\thm@preskip=\skip57
\thm@postskip=\skip58
\thm@headsep=\skip59
\dth@everypar=\toks42
)
\c@theorem=\count153
)
(/home/berndt/texlive2012/texmf-dist/tex/latex/beamer/beamerbasethemes.sty
Package: beamerbasethemes 2010/05/01  (rcs-revision efa082c6111d)
))
(/home/berndt/texlive2012/texmf-dist/tex/latex/beamer/themes/theme/beamerthemed
efault.sty
Package: beamerthemedefault 2010/06/17  (rcs-revision d02a7cf4d8ae)

(/home/berndt/texlive2012/texmf-dist/tex/latex/beamer/themes/font/beamerfontthe
medefault.sty
Package: beamerfontthemedefault 2010/06/17  (rcs-revision d02a7cf4d8ae)
)
(/home/berndt/texlive2012/texmf-dist/tex/latex/beamer/themes/color/beamercolort
hemedefault.sty
Package: beamercolorthemedefault 2010/06/17  (rcs-revision d02a7cf4d8ae)
)
(/home/berndt/texlive2012/texmf-dist/tex/latex/beamer/themes/inner/beamerinnert
hemedefault.sty
Package: beamerinnerthemedefault 2012/05/01  (rcs-revision 67c48b3b652d)
\beamer@dima=\dimen185
\beamer@dimb=\dimen186
)
(/home/berndt/texlive2012/texmf-dist/tex/latex/beamer/themes/outer/beameroutert
hemedefault.sty
Package: beamerouterthemedefault 2012/10/02  (rcs-revision 5ed0f4010e8a)
)))
(/home/berndt/texlive2012/texmf-dist/tex/lualatex/luainputenc/luainputenc.sty
Package: luainputenc 2010/11/19 v0.973 inputenc package for LuaTeX

(/home/berndt/texlive2012/texmf-dist/tex/luatex/luatexbase/luatexbase.sty
Package: luatexbase 2010/10/06 v0.3 Module utilities for LuaTeX

(/home/berndt/texlive2012/texmf-dist/tex/luatex/luatexbase/luatexbase-compat.st
y
Package: luatexbase-compat 2010/10/10 v0.3 Compatibility tools for LuaTeX
)
(/home/berndt/texlive2012/texmf-dist/tex/luatex/luatexbase/luatexbase-loader.st
y
Package: luatexbase-loader 2010/10/10 v0.3 Lua module loader for LuaTeX

(/home/berndt/texlive2012/texmf-dist/tex/luatex/luatexbase/luatexbase.loader.lu
a))
(/home/berndt/texlive2012/texmf-dist/tex/luatex/luatexbase/luatexbase-regs.sty
Package: luatexbase-regs 2010/10/10 v0.3 Registers allocation for LuaTeX

(/home/berndt/texlive2012/texmf-dist/tex/latex/etex-pkg/etex.sty
Package: etex 1998/03/26 v2.0 eTeX basic definition package (PEB)
\et@xins=\count154
))
(/home/berndt/texlive2012/texmf-dist/tex/luatex/luatexbase/luatexbase-attr.sty
Package: luatexbase-attr 2011/05/21 v0.31 Attributes allocation for LuaTeX

(/home/berndt/texlive2012/texmf-dist/tex/luatex/luatexbase/attr.lua))
(/home/berndt/texlive2012/texmf-dist/tex/luatex/luatexbase/luatexbase-cctb.sty
Package: luatexbase-cctb 2010/10/10 v0.3 Catcodetable allocation for LuaTeX

(/home/berndt/texlive2012/texmf-dist/tex/luatex/luatexbase/cctb.lua)
\lltxb@catcodetable@alloc=\count277
\CatcodeTableIniTeX=\luatexcatcodetable1
\CatcodeTableString=\luatexcatcodetable3
\CatcodeTableOther=\luatexcatcodetable5
\CatcodeTableLaTeX=\luatexcatcodetable7
\CatcodeTableLaTeXAtLetter=\luatexcatcodetable9
\CatcodeTableExpl=\luatexcatcodetable11
)
(/home/berndt/texlive2012/texmf-dist/tex/luatex/luatexbase/luatexbase-mcb.sty
Package: luatexbase-mcb 2010/10/10 v0.3 Callback management for LuaTeX

(/home/berndt/texlive2012/texmf-dist/tex/luatex/luatexbase/luatexbase-modutils.
sty
Package: luatexbase-modutils 2010/10/10 v0.3 Module utilities for LuaTeX

(/home/berndt/texlive2012/texmf-dist/tex/luatex/luatexbase/modutils.lua))
(/home/berndt/texlive2012/texmf-dist/tex/luatex/luatexbase/mcb.lua)
Lua module: luatexbase-mcb 2010/05/12 0.2 register several functions in a callb
ack
))
(/home/berndt/texlive2012/texmf-dist/tex/lualatex/luainputenc/luainputenc.lua)
Lua module: luainputenc 2010/05/10 0.97 Lua simple inputenc package.
\inpenc@prehook=\toks43
\inpenc@posthook=\toks44

(/home/berndt/texlive2012/texmf-dist/tex/lualatex/luainputenc/lutf8.def
File: lutf8.def 2010/05/10 v0.97 UTF-8 support for luainputenc
Now handling font encoding OML ...
... no UTF-8 mapping file for font encoding OML
Now handling font encoding T1 ...
... processing UTF-8 mapping file for font encodingT1

(/home/berndt/texlive2012/texmf-dist/tex/latex/base/t1enc.dfu
File: t1enc.dfu 2008/04/05 v1.1m UTF-8 support for inputenc
)
Now handling font encoding OT1 ...
... processing UTF-8 mapping file for font encodingOT1

(/home/berndt/texlive2012/texmf-dist/tex/latex/base/ot1enc.dfu
File: ot1enc.dfu 2008/04/05 v1.1m UTF-8 support for inputenc
)
Now handling font encoding OMS ...
... processing UTF-8 mapping file for font encodingOMS

(/home/berndt/texlive2012/texmf-dist/tex/latex/base/omsenc.dfu
File: omsenc.dfu 2008/04/05 v1.1m UTF-8 support for inputenc
)
Now handling font encoding OMX ...
... no UTF-8 mapping file for font encoding OMX
Now handling font encoding U ...
... no UTF-8 mapping file for font encoding U
Now handling font encoding PD1 ...
... no UTF-8 mapping file for font encoding PD1
))
(/home/berndt/texmf/tex/latex/tcs-lecture.sty
Package: tcs-lecture 

(/home/berndt/texmf/tex/latex/tcs-common.sty
Package: tcs-common 

(/home/berndt/texlive2012/texmf-dist/tex/latex/pgf/utilities/pgfkeys.sty
(/home/berndt/texlive2012/texmf-dist/tex/generic/pgf/utilities/pgfkeys.code.tex
)) (/home/berndt/texlive2012/texmf-dist/tex/latex/lm/lmodern.sty
Package: lmodern 2009/10/30 v1.6 Latin Modern Fonts
LaTeX Font Info:    Overwriting symbol font `operators' in version `normal'
(Font)                  OT1/cmr/m/n --> OT1/lmr/m/n on input line 22.
LaTeX Font Info:    Overwriting symbol font `letters' in version `normal'
(Font)                  OML/cmm/m/it --> OML/lmm/m/it on input line 23.
LaTeX Font Info:    Overwriting symbol font `symbols' in version `normal'
(Font)                  OMS/cmsy/m/n --> OMS/lmsy/m/n on input line 24.
LaTeX Font Info:    Overwriting symbol font `largesymbols' in version `normal'
(Font)                  OMX/cmex/m/n --> OMX/lmex/m/n on input line 25.
LaTeX Font Info:    Overwriting symbol font `operators' in version `bold'
(Font)                  OT1/cmr/bx/n --> OT1/lmr/bx/n on input line 26.
LaTeX Font Info:    Overwriting symbol font `letters' in version `bold'
(Font)                  OML/cmm/b/it --> OML/lmm/b/it on input line 27.
LaTeX Font Info:    Overwriting symbol font `symbols' in version `bold'
(Font)                  OMS/cmsy/b/n --> OMS/lmsy/b/n on input line 28.
LaTeX Font Info:    Overwriting symbol font `largesymbols' in version `bold'
(Font)                  OMX/cmex/m/n --> OMX/lmex/m/n on input line 29.
LaTeX Font Info:    Overwriting math alphabet `\mathbf' in version `normal'
(Font)                  OT1/cmr/bx/n --> OT1/lmr/bx/n on input line 31.
LaTeX Font Info:    Overwriting math alphabet `\mathsf' in version `normal'
(Font)                  OT1/cmss/m/n --> OT1/lmss/m/n on input line 32.
LaTeX Font Info:    Overwriting math alphabet `\mathit' in version `normal'
(Font)                  OT1/cmr/m/it --> OT1/lmr/m/it on input line 33.
LaTeX Font Info:    Overwriting math alphabet `\mathtt' in version `normal'
(Font)                  OT1/cmtt/m/n --> OT1/lmtt/m/n on input line 34.
LaTeX Font Info:    Overwriting math alphabet `\mathbf' in version `bold'
(Font)                  OT1/cmr/bx/n --> OT1/lmr/bx/n on input line 35.
LaTeX Font Info:    Overwriting math alphabet `\mathsf' in version `bold'
(Font)                  OT1/cmss/bx/n --> OT1/lmss/bx/n on input line 36.
LaTeX Font Info:    Overwriting math alphabet `\mathit' in version `bold'
(Font)                  OT1/cmr/bx/it --> OT1/lmr/bx/it on input line 37.
LaTeX Font Info:    Overwriting math alphabet `\mathtt' in version `bold'
(Font)                  OT1/cmtt/m/n --> OT1/lmtt/m/n on input line 38.
)
(/home/berndt/texlive2012/texmf-dist/tex/latex/psnfss/courier.sty
Package: courier 2005/04/12 PSNFSS-v9.2a (WaS) 
)
(/home/berndt/texmf/tex/latex/MyriadPro/Myriad.sty
Package: Myriad 2005/01/06 support for MyriadPro. Based on BerliOS MinionPro fo
r LaTeX
LaTeX Font Info:    Redeclaring symbol font `operators' on input line 41.
LaTeX Font Info:    Overwriting symbol font `operators' in version `normal'
(Font)                  OT1/lmr/m/n --> OT1/Myriad-OsF/m/n on input line 41.
LaTeX Font Info:    Overwriting symbol font `operators' in version `bold'
(Font)                  OT1/lmr/bx/n --> OT1/Myriad-OsF/m/n on input line 41.
LaTeX Font Info:    Redeclaring symbol font `letters' on input line 42.
LaTeX Font Info:    Overwriting symbol font `letters' in version `normal'
(Font)                  OML/lmm/m/it --> OML/Myriad-OsF/m/it on input line 42.
LaTeX Font Info:    Overwriting symbol font `letters' in version `bold'
(Font)                  OML/lmm/b/it --> OML/Myriad-OsF/m/it on input line 42.
\symrmletters=\mathgroup6
LaTeX Font Info:    Overwriting symbol font `operators' in version `bold'
(Font)                  OT1/Myriad-OsF/m/n --> OT1/Myriad-OsF/b/n on input line
 44.
LaTeX Font Info:    Overwriting symbol font `letters' in version `bold'
(Font)                  OML/Myriad-OsF/m/it --> OML/Myriad-OsF/b/it on input li
ne 45.
LaTeX Font Info:    Overwriting symbol font `rmletters' in version `bold'
(Font)                  OML/Myriad-OsF/m/n --> OML/Myriad-OsF/b/n on input line
 46.
LaTeX Font Info:    Redeclaring math alphabet \mathbf on input line 47.
LaTeX Font Info:    Overwriting math alphabet `\mathbf' in version `normal'
(Font)                  OT1/lmr/bx/n --> OT1/Myriad-OsF/b/n on input line 47.
LaTeX Font Info:    Overwriting math alphabet `\mathbf' in version `bold'
(Font)                  OT1/lmr/bx/n --> OT1/Myriad-OsF/b/n on input line 47.
LaTeX Font Info:    Redeclaring math alphabet \mathit on input line 48.
LaTeX Font Info:    Overwriting math alphabet `\mathit' in version `normal'
(Font)                  OT1/lmr/m/it --> OT1/Myriad-OsF/m/it on input line 48.
LaTeX Font Info:    Overwriting math alphabet `\mathit' in version `bold'
(Font)                  OT1/lmr/bx/it --> OT1/Myriad-OsF/m/it on input line 48.

LaTeX Font Info:    Overwriting math alphabet `\mathit' in version `bold'
(Font)                  OT1/Myriad-OsF/m/it --> OT1/Myriad-OsF/b/it on input li
ne 49.
LaTeX Font Info:    Try loading font information for OT1+lmss on input line 279
.

(/home/berndt/texlive2012/texmf-dist/tex/latex/lm/ot1lmss.fd
File: ot1lmss.fd 2009/10/30 v1.6 Font defs for Latin Modern
))
(/home/berndt/texmf/tex/latex/tcs-letterspace.sty
Package: tcs-letterspace 
\lectureletterbox=\box256
)
(/home/berndt/texlive2012/texmf-dist/tex/latex/base/fontenc.sty
Package: fontenc 2005/09/27 v1.99g Standard LaTeX package

(/home/berndt/texlive2012/texmf-dist/tex/latex/base/t1enc.def
File: t1enc.def 2005/09/27 v1.99g Standard LaTeX file
LaTeX Font Info:    RedeclaringfontencodingT1 on input line 43.
)
LaTeX Font Info:    Try loading font information for T1+lmss on input line 100.


(/home/berndt/texlive2012/texmf-dist/tex/latex/lm/t1lmss.fd
File: t1lmss.fd 2009/10/30 v1.6 Font defs for Latin Modern
))
(/home/berndt/texlive2012/texmf-dist/tex/latex/listings/listings.sty
\lst@mode=\count278
\lst@gtempboxa=\box257
\lst@token=\toks45
\lst@length=\count279
\lst@currlwidth=\dimen256
\lst@column=\count280
\lst@pos=\count281
\lst@lostspace=\dimen257
\lst@width=\dimen258
\lst@newlines=\count282
\lst@lineno=\count283
\lst@maxwidth=\dimen259

(/home/berndt/texlive2012/texmf-dist/tex/latex/listings/lstmisc.sty
File: lstmisc.sty 2007/02/22 1.4 (Carsten Heinz)
\c@lstnumber=\count284
\lst@skipnumbers=\count285
\lst@framebox=\box258
)
(/home/berndt/texlive2012/texmf-dist/tex/latex/listings/listings.cfg
File: listings.cfg 2007/02/22 1.4 listings configuration
))
Package: listings 2007/02/22 1.4 (Carsten Heinz)
\mytempbox=\box259
\mytempdimen=\dimen260

(/home/berndt/texlive2012/texmf-dist/tex/latex/pgf/frontendlayer/tikz.sty
(/home/berndt/texlive2012/texmf-dist/tex/latex/pgf/basiclayer/pgf.sty
Package: pgf 2008/01/15 v2.10 (rcs-revision 1.12)

(/home/berndt/texlive2012/texmf-dist/tex/generic/pgf/modules/pgfmoduleshapes.co
de.tex
File: pgfmoduleshapes.code.tex 2010/09/09  (rcs-revision 1.13)
\pgfnodeparttextbox=\box260
)
(/home/berndt/texlive2012/texmf-dist/tex/generic/pgf/modules/pgfmoduleplot.code
.tex
File: pgfmoduleplot.code.tex 2010/10/22  (rcs-revision 1.8)
)
(/home/berndt/texlive2012/texmf-dist/tex/latex/pgf/compatibility/pgfcomp-versio
n-0-65.sty
Package: pgfcomp-version-0-65 2007/07/03 v2.10 (rcs-revision 1.7)
\pgf@nodesepstart=\dimen261
\pgf@nodesepend=\dimen262
)
(/home/berndt/texlive2012/texmf-dist/tex/latex/pgf/compatibility/pgfcomp-versio
n-1-18.sty
Package: pgfcomp-version-1-18 2007/07/23 v2.10 (rcs-revision 1.1)
))
(/home/berndt/texlive2012/texmf-dist/tex/latex/pgf/utilities/pgffor.sty
(/home/berndt/texlive2012/texmf-dist/tex/generic/pgf/utilities/pgffor.code.tex
Package: pgffor 2010/03/23 v2.10 (rcs-revision 1.18)
\pgffor@iter=\dimen263
\pgffor@skip=\dimen264
\pgffor@stack=\toks46
\pgffor@toks=\toks47
))
(/home/berndt/texlive2012/texmf-dist/tex/generic/pgf/frontendlayer/tikz/tikz.co
de.tex
Package: tikz 2010/10/13 v2.10 (rcs-revision 1.76)

(/home/berndt/texlive2012/texmf-dist/tex/generic/pgf/libraries/pgflibraryplotha
ndlers.code.tex
File: pgflibraryplothandlers.code.tex 2010/05/31 v2.10 (rcs-revision 1.15)
\pgf@plot@mark@count=\count286
\pgfplotmarksize=\dimen265
)
\tikz@lastx=\dimen266
\tikz@lasty=\dimen267
\tikz@lastxsaved=\dimen268
\tikz@lastysaved=\dimen269
\tikzleveldistance=\dimen270
\tikzsiblingdistance=\dimen271
\tikz@figbox=\box261
\tikz@tempbox=\box262
\tikztreelevel=\count287
\tikznumberofchildren=\count288
\tikznumberofcurrentchild=\count289
\tikz@fig@count=\count290

(/home/berndt/texlive2012/texmf-dist/tex/generic/pgf/modules/pgfmodulematrix.co
de.tex
File: pgfmodulematrix.code.tex 2010/08/24  (rcs-revision 1.4)
\pgfmatrixcurrentrow=\count291
\pgfmatrixcurrentcolumn=\count292
\pgf@matrix@numberofcolumns=\count293
)
\tikz@expandcount=\count294

(/home/berndt/texlive2012/texmf-dist/tex/generic/pgf/frontendlayer/tikz/librari
es/tikzlibrarytopaths.code.tex
File: tikzlibrarytopaths.code.tex 2008/06/17 v2.10 (rcs-revision 1.2)
)))
(/home/berndt/texlive2012/texmf-dist/tex/generic/pgf/frontendlayer/tikz/librari
es/tikzlibraryarrows.code.tex
File: tikzlibraryarrows.code.tex 2008/01/09 v2.10 (rcs-revision 1.1)

(/home/berndt/texlive2012/texmf-dist/tex/generic/pgf/libraries/pgflibraryarrows
.code.tex
File: pgflibraryarrows.code.tex 2008/10/27 v2.10 (rcs-revision 1.9)
\arrowsize=\dimen272
))
(/home/berndt/texlive2012/texmf-dist/tex/generic/pgf/frontendlayer/tikz/librari
es/tikzlibraryshapes.misc.code.tex
File: tikzlibraryshapes.misc.code.tex 2008/01/09 v2.10 (rcs-revision 1.1)

(/home/berndt/texlive2012/texmf-dist/tex/generic/pgf/libraries/shapes/pgflibrar
yshapes.misc.code.tex
File: pgflibraryshapes.misc.code.tex 2008/10/07 v2.10 (rcs-revision 1.3)
))) (/home/berndt/texmf/tex/latex/tcs-semester.sty
Package: tcs-semester 

(/home/berndt/texlive2012/texmf-dist/tex/latex/pgf/utilities/pgfcalendar.sty
(/home/berndt/texlive2012/texmf-dist/tex/generic/pgf/utilities/pgfcalendar.code
.tex
File: pgfcalendar.code.tex 2007/07/23 v2.10 (rcs-revision 1.11)
\pgfcalendarcurrentjulian=\count295
))
\lec@lastlectureid=\count296
\sem@lecturetitlesinputstream=\read2
\sem@inputstream=\read3
\sem@numberofparts=\count297
) (/home/berndt/texlive2012/texmf-dist/tex/latex/psnfss/pifont.sty
Package: pifont 2005/04/12 PSNFSS-v9.2a Pi font support (SPQR) 
LaTeX Font Info:    Try loading font information for U+pzd on input line 63.

(/home/berndt/texlive2012/texmf-dist/tex/latex/psnfss/upzd.fd
File: upzd.fd 2001/06/04 font definitions for U/pzd.
)
LaTeX Font Info:    Try loading font information for U+psy on input line 64.

(/home/berndt/texlive2012/texmf-dist/tex/latex/psnfss/upsy.fd
File: upsy.fd 2001/06/04 font definitions for U/psy.
))
(/home/berndt/texmf/tex/latex/tcs-comics.sty
Package: tcs-comics 

(/home/berndt/texmf/tex/latex/emerald/emerald.sty
Package: emerald 2006/01/26 v1.0 LaTeX2e package which gives support for ECF (e
merald city fontwerks) fonts
)
(/home/berndt/texlive2012/texmf-dist/tex/generic/pgf/frontendlayer/tikz/librari
es/tikzlibrarycalc.code.tex
File: tikzlibrarycalc.code.tex 2009/09/04 v2.10 (rcs-revision 1.6)
)
(/home/berndt/texlive2012/texmf-dist/tex/generic/pgf/frontendlayer/tikz/librari
es/tikzlibrarymatrix.code.tex
File: tikzlibrarymatrix.code.tex 2008/06/18 v2.10 (rcs-revision 1.2)
)
\testbox=\box263
)
(/home/berndt/texlive2012/texmf-dist/tex/generic/babel/babel.sty
Package: babel 2008/07/08 v3.8m The Babel package

(/home/berndt/texlive2012/texmf-dist/tex/generic/babel/germanb.ldf
Language: germanb 2008/06/01 v2.6m German support from the babel system

(/home/berndt/texlive2012/texmf-dist/tex/generic/babel/babel.def
File: babel.def 2008/07/08 v3.8m Babel common definitions
LaTeX Info: Redefining \textlatin on input line 82.
\babel@savecnt=\count298
\U@D=\dimen273
)
luatex-hyphen: using data file: /home/berndt/texlive2012/texmf-var/tex/generic/
config/language.dat.lua
\l@austrian = a dialect from \language\l@german 
Package babel Info: Making " an active character on input line 102.
luatex-hyphen: loading patterns and exceptions for: german (\language29)
luatex-hyphen: info: no hyphenation exceptions for this language))
(/home/berndt/texlive2012/texmf-dist/tex/latex/tools/calc.sty
Package: calc 2007/08/22 v4.3 Infix arithmetic (KKT,FJ)
\calc@Acount=\count299
\calc@Bcount=\count300
\calc@Adimen=\dimen274
\calc@Bdimen=\dimen275
\calc@Askip=\skip256
\calc@Bskip=\skip257
LaTeX Info: Redefining \setlength on input line 76.
LaTeX Info: Redefining \addtolength on input line 77.
\calc@Ccount=\count301
\calc@Cskip=\skip258
)
(/home/berndt/texlive2012/texmf-dist/tex/generic/pgf/frontendlayer/tikz/librari
es/tikzlibraryscopes.code.tex
File: tikzlibraryscopes.code.tex 2008/06/27 v2.10 (rcs-revision 1.2)
)
(/home/berndt/texlive2012/texmf-dist/tex/generic/pgf/frontendlayer/tikz/librari
es/tikzlibrarybackgrounds.code.tex
File: tikzlibrarybackgrounds.code.tex 2010/02/08 v2.10 (rcs-revision 1.2)
\pgf@layerbox@background=\box53
\pgf@layerboxsaved@background=\box54
)
(/home/berndt/texlive2012/texmf-dist/tex/generic/pgf/frontendlayer/tikz/librari
es/tikzlibrarypositioning.code.tex
File: tikzlibrarypositioning.code.tex 2008/10/06 v2.10 (rcs-revision 1.7)
)
\gapskip=\dimen276

(/home/berndt/texlive2012/texmf-dist/tex/latex/beamer/themes/outer/beameroutert
hemesidebar.sty
Package: beamerouterthemesidebar 2010/06/17  (rcs-revision d02a7cf4d8ae)
\beamer@sidebarwidth=\dimen277
\beamer@headheight=\dimen278
LaTeX Font Info:    Try loading font information for T1+Myriad-LF on input line
 18.
 (/home/berndt/texmf/tex/latex/MyriadPro/T1Myriad-LF.fd
File: T1Myriad-LF.fd 2004/10/15 font definitions for T1/Myriad-LF.
))

Package pgf Warning: File "../../planning/logo" not found when defining image "
logo".
(pgf)                Tried all extensions in ".pdf:.jpg:.jpeg:.png:" on input l
ine 673.


Package pgf Warning: Missing height for image "logo" ("../../planning/logo") in
 draft mode.
(pgf)                Using 1cm instead on input line 673.

\algolabsortingcount=\count302
\algolabvarnum=\count303
\algolabseq=\count304
\tcsmemoryline=\count305
\proofcomments=\count306
) (/home/berndt/texlive2012/texmf-dist/tex/latex/yfonts/yfonts.sty
Package: yfonts 2003/01/08 v1.3 (WaS)
NowhandlingfontencodingLY...
...noUTF-8mappingfileforfontencodingLY
NowhandlingfontencodingLYG...
...noUTF-8mappingfileforfontencodingLYG
)
(/home/berndt/texmf/tex/latex/appendixnumberbeamer.sty)
(/home/berndt/texlive2012/texmf-dist/tex/generic/pgf/frontendlayer/tikz/librari
es/tikzlibraryshapes.code.tex
File: tikzlibraryshapes.code.tex 2008/01/09 v2.10 (rcs-revision 1.1)

(/home/berndt/texlive2012/texmf-dist/tex/generic/pgf/frontendlayer/tikz/librari
es/tikzlibraryshapes.geometric.code.tex
File: tikzlibraryshapes.geometric.code.tex 2008/01/09 v2.10 (rcs-revision 1.1)

(/home/berndt/texlive2012/texmf-dist/tex/generic/pgf/libraries/shapes/pgflibrar
yshapes.geometric.code.tex
File: pgflibraryshapes.geometric.code.tex 2008/06/26 v2.10 (rcs-revision 1.1)
))
(/home/berndt/texlive2012/texmf-dist/tex/generic/pgf/frontendlayer/tikz/librari
es/tikzlibraryshapes.symbols.code.tex
File: tikzlibraryshapes.symbols.code.tex 2008/01/09 v2.10 (rcs-revision 1.1)

(/home/berndt/texlive2012/texmf-dist/tex/generic/pgf/libraries/shapes/pgflibrar
yshapes.symbols.code.tex
File: pgflibraryshapes.symbols.code.tex 2009/10/27 v2.10 (rcs-revision 1.3)
))
(/home/berndt/texlive2012/texmf-dist/tex/generic/pgf/frontendlayer/tikz/librari
es/tikzlibraryshapes.arrows.code.tex
File: tikzlibraryshapes.arrows.code.tex 2008/01/09 v2.10 (rcs-revision 1.1)

(/home/berndt/texlive2012/texmf-dist/tex/generic/pgf/libraries/shapes/pgflibrar
yshapes.arrows.code.tex
File: pgflibraryshapes.arrows.code.tex 2008/06/26 v2.10 (rcs-revision 1.1)
))
(/home/berndt/texlive2012/texmf-dist/tex/generic/pgf/frontendlayer/tikz/librari
es/tikzlibraryshapes.callouts.code.tex
(/home/berndt/texlive2012/texmf-dist/tex/generic/pgf/libraries/shapes/pgflibrar
yshapes.callouts.code.tex))
(/home/berndt/texlive2012/texmf-dist/tex/generic/pgf/frontendlayer/tikz/librari
es/tikzlibraryshapes.multipart.code.tex
File: tikzlibraryshapes.multipart.code.tex 2008/01/09 v2.10 (rcs-revision 1.1)

(/home/berndt/texlive2012/texmf-dist/tex/generic/pgf/libraries/shapes/pgflibrar
yshapes.multipart.code.tex
File: pgflibraryshapes.multipart.code.tex 2010/01/07 v2.10 (rcs-revision 1.2)
\pgfnodepartlowerbox=\box264
\pgfnodeparttwobox=\box265
\pgfnodepartthreebox=\box266
\pgfnodepartfourbox=\box267
\pgfnodeparttwentybox=\box268
\pgfnodepartnineteenbox=\box269
\pgfnodeparteighteenbox=\box270
\pgfnodepartseventeenbox=\box271
\pgfnodepartsixteenbox=\box272
\pgfnodepartfifteenbox=\box273
\pgfnodepartfourteenbox=\box274
\pgfnodepartthirteenbox=\box275
\pgfnodeparttwelvebox=\box276
\pgfnodepartelevenbox=\box277
\pgfnodeparttenbox=\box278
\pgfnodepartninebox=\box279
\pgfnodeparteightbox=\box280
\pgfnodepartsevenbox=\box281
\pgfnodepartsixbox=\box282
\pgfnodepartfivebox=\box283
))) (./slides.aux)
LaTeX Font Info:    Checking defaults for OML/cmm/m/it on input line 74.
LaTeX Font Info:    ... okay on input line 74.
LaTeX Font Info:    Checking defaults for T1/cmr/m/n on input line 74.
LaTeX Font Info:    ... okay on input line 74.
LaTeX Font Info:    Checking defaults for OT1/cmr/m/n on input line 74.
LaTeX Font Info:    ... okay on input line 74.
LaTeX Font Info:    Checking defaults for OMS/cmsy/m/n on input line 74.
LaTeX Font Info:    ... okay on input line 74.
LaTeX Font Info:    Checking defaults for OMX/cmex/m/n on input line 74.
LaTeX Font Info:    ... okay on input line 74.
LaTeX Font Info:    Checking defaults for U/cmr/m/n on input line 74.
LaTeX Font Info:    ... okay on input line 74.
LaTeX Font Info:    Checking defaults for PD1/pdf/m/n on input line 74.
LaTeX Font Info:    ... okay on input line 74.
LaTeX Font Info:    Checking defaults for LY/yfrak/m/n on input line 74.
LaTeX Font Info:    ... okay on input line 74.
LaTeX Font Info:    Checking defaults for LYG/ygoth/m/n on input line 74.
LaTeX Font Info:    ... okay on input line 74.

*geometry* driver: auto-detecting
*geometry* detected driver: pdftex
*geometry* verbose mode - [ preamble ] result:
* driver: pdftex
* paper: custom
* layout: <same size as paper>
* layoutoffset:(h,v)=(0.0pt,0.0pt)
* modes: includehead includefoot 
* h-part:(L,W,R)=(14.22636pt, 278.83713pt, 71.13187pt)
* v-part:(T,H,B)=(0.0pt, 273.14662pt, 0.0pt)
* \paperwidth=364.19536pt
* \paperheight=273.14662pt
* \textwidth=278.83713pt
* \textheight=244.6939pt
* \oddsidemargin=-58.04362pt
* \evensidemargin=-58.04362pt
* \topmargin=-72.26999pt
* \headheight=14.22636pt
* \headsep=0.0pt
* \topskip=10.0pt
* \footskip=14.22636pt
* \marginparwidth=3.0pt
* \marginparsep=11.0pt
* \columnsep=10.0pt
* \skip\footins=9.0pt plus 4.0pt minus 2.0pt
* \hoffset=0.0pt
* \voffset=0.0pt
* \mag=1000
* \@twocolumnfalse
* \@twosidefalse
* \@mparswitchfalse
* \@reversemarginfalse
* (1in=72.27pt=25.4mm, 1cm=28.453pt)

(/home/berndt/texlive2012/texmf-dist/tex/context/base/supp-pdf.mkii
[Loading MPS to PDF converter (version 2006.09.02).]
\scratchcounter=\count307
\scratchdimen=\dimen279
\scratchbox=\box284
\nofMPsegments=\count308
\nofMParguments=\count309
\everyMPshowfont=\toks48
\MPscratchCnt=\count310
\MPscratchDim=\dimen280
\MPnumerator=\count311
\makeMPintoPDFobject=\count312
\everyMPtoPDFconversion=\toks49
) (/home/berndt/texlive2012/texmf-dist/tex/latex/oberdiek/epstopdf-base.sty
Package: epstopdf-base 2010/02/09 v2.5 Base part for package epstopdf

(/home/berndt/texlive2012/texmf-dist/tex/latex/oberdiek/grfext.sty
Package: grfext 2010/08/19 v1.1 Manage graphics extensions (HO)
)
Package grfext Info: Graphics extension search list:
(grfext)             [.png,.pdf,.jpg,.mps,.jpeg,.jbig2,.jb2,.PNG,.PDF,.JPG,.JPE
G,.JBIG2,.JB2,.eps]
(grfext)             \AppendGraphicsExtensions on input line 452.

(/home/berndt/texlive2012/texmf-dist/tex/latex/latexconfig/epstopdf-sys.cfg
File: epstopdf-sys.cfg 2010/07/13 v1.3 Configuration of (r)epstopdf for TeX Liv
e
))
ABD: EveryShipout initializing macros
\AtBeginShipoutBox=\box285
Package hyperref Info: Link coloring OFF on input line 74.

(/home/berndt/texlive2012/texmf-dist/tex/latex/hyperref/nameref.sty
Package: nameref 2012/10/27 v2.43 Cross-referencing by name of section

(/home/berndt/texlive2012/texmf-dist/tex/generic/oberdiek/gettitlestring.sty
Package: gettitlestring 2010/12/03 v1.4 Cleanup title references (HO)
)
\c@section@level=\count313
)
LaTeX Info: Redefining \ref on input line 74.
LaTeX Info: Redefining \pageref on input line 74.
LaTeX Info: Redefining \nameref on input line 74.

(./slides.out) (./slides.out)
\@outlinefile=\write5
LaTeX Font Info:    Overwriting symbol font `operators' in version `normal'
(Font)                  OT1/Myriad-OsF/m/n --> OT1/cmss/m/n on input line 74.
LaTeX Font Info:    Overwriting symbol font `operators' in version `bold'
(Font)                  OT1/Myriad-OsF/b/n --> OT1/cmss/bx/n on input line 74.
\symnumbers=\mathgroup7
\sympureletters=\mathgroup8
LaTeX Font Info:    Overwriting math alphabet `\mathrm' in version `normal'
(Font)                  OT1/cmss/m/n --> T1/qtm/m/n on input line 74.
LaTeX Font Info:    Redeclaring math alphabet \mathbf on input line 74.
LaTeX Font Info:    Overwriting math alphabet `\mathbf' in version `normal'
(Font)                  OT1/Myriad-OsF/b/n --> T1/Myriad-LF/bx/n on input line 
74.
LaTeX Font Info:    Overwriting math alphabet `\mathbf' in version `bold'
(Font)                  OT1/Myriad-OsF/b/n --> T1/Myriad-LF/bx/n on input line 
74.
LaTeX Font Info:    Redeclaring math alphabet \mathsf on input line 74.
LaTeX Font Info:    Overwriting math alphabet `\mathsf' in version `normal'
(Font)                  OT1/lmss/m/n --> T1/Myriad-LF/m/n on input line 74.
LaTeX Font Info:    Overwriting math alphabet `\mathsf' in version `bold'
(Font)                  OT1/lmss/bx/n --> T1/Myriad-LF/m/n on input line 74.
LaTeX Font Info:    Redeclaring math alphabet \mathit on input line 74.
LaTeX Font Info:    Overwriting math alphabet `\mathit' in version `normal'
(Font)                  OT1/Myriad-OsF/m/it --> T1/Myriad-LF/m/it on input line
 74.
LaTeX Font Info:    Overwriting math alphabet `\mathit' in version `bold'
(Font)                  OT1/Myriad-OsF/b/it --> T1/Myriad-LF/m/it on input line
 74.
LaTeX Font Info:    Redeclaring math alphabet \mathtt on input line 74.
LaTeX Font Info:    Overwriting math alphabet `\mathtt' in version `normal'
(Font)                  OT1/lmtt/m/n --> T1/pcr/m/n on input line 74.
LaTeX Font Info:    Overwriting math alphabet `\mathtt' in version `bold'
(Font)                  OT1/lmtt/m/n --> T1/pcr/m/n on input line 74.
LaTeX Font Info:    Overwriting symbol font `numbers' in version `bold'
(Font)                  T1/Myriad-LF/m/n --> T1/Myriad-LF/bx/n on input line 74
.
LaTeX Font Info:    Overwriting symbol font `pureletters' in version `bold'
(Font)                  T1/Myriad-LF/m/it --> T1/Myriad-LF/bx/it on input line 
74.
LaTeX Font Info:    Overwriting math alphabet `\mathrm' in version `bold'
(Font)                  OT1/cmss/bx/n --> T1/qtm/bx/n on input line 74.
LaTeX Font Info:    Overwriting math alphabet `\mathbf' in version `bold'
(Font)                  T1/Myriad-LF/bx/n --> T1/Myriad-LF/bx/n on input line 7
4.
LaTeX Font Info:    Overwriting math alphabet `\mathsf' in version `bold'
(Font)                  T1/Myriad-LF/m/n --> T1/Myriad-LF/bx/n on input line 74
.
LaTeX Font Info:    Overwriting math alphabet `\mathit' in version `bold'
(Font)                  T1/Myriad-LF/m/it --> T1/Myriad-LF/bx/it on input line 
74.
LaTeX Font Info:    Overwriting math alphabet `\mathtt' in version `bold'
(Font)                  T1/pcr/m/n --> T1/pcr/bx/n on input line 74.

(/home/berndt/texlive2012/texmf-dist/tex/latex/beamer/translator/dicts/translat
or-basic-dictionary/translator-basic-dictionary-English.dict
Dictionary: translator-basic-dictionary, Language: English 
)
(/home/berndt/texlive2012/texmf-dist/tex/latex/beamer/translator/dicts/translat
or-basic-dictionary/translator-basic-dictionary-German.dict
Dictionary: translator-basic-dictionary, Language: German 
)
(/home/berndt/texlive2012/texmf-dist/tex/latex/beamer/translator/dicts/translat
or-bibliography-dictionary/translator-bibliography-dictionary-English.dict
Dictionary: translator-bibliography-dictionary, Language: English 
)
(/home/berndt/texlive2012/texmf-dist/tex/latex/beamer/translator/dicts/translat
or-bibliography-dictionary/translator-bibliography-dictionary-German.dict
Dictionary: translator-bibliography-dictionary, Language: German 
)
(/home/berndt/texlive2012/texmf-dist/tex/latex/beamer/translator/dicts/translat
or-environment-dictionary/translator-environment-dictionary-English.dict
Dictionary: translator-environment-dictionary, Language: English 
)
(/home/berndt/texlive2012/texmf-dist/tex/latex/beamer/translator/dicts/translat
or-environment-dictionary/translator-environment-dictionary-German.dict
Dictionary: translator-environment-dictionary, Language: German 
)
(/home/berndt/texlive2012/texmf-dist/tex/latex/beamer/translator/dicts/translat
or-months-dictionary/translator-months-dictionary-English.dict
Dictionary: translator-months-dictionary, Language: English 
)
(/home/berndt/texlive2012/texmf-dist/tex/latex/beamer/translator/dicts/translat
or-months-dictionary/translator-months-dictionary-German.dict
Dictionary: translator-months-dictionary, Language: German 
)
(/home/berndt/texlive2012/texmf-dist/tex/latex/beamer/translator/dicts/translat
or-numbers-dictionary/translator-numbers-dictionary-English.dict
Dictionary: translator-numbers-dictionary, Language: English 
)
(/home/berndt/texlive2012/texmf-dist/tex/latex/beamer/translator/dicts/translat
or-numbers-dictionary/translator-numbers-dictionary-German.dict
Dictionary: translator-numbers-dictionary, Language: German 
)
(/home/berndt/texlive2012/texmf-dist/tex/latex/beamer/translator/dicts/translat
or-theorem-dictionary/translator-theorem-dictionary-English.dict
Dictionary: translator-theorem-dictionary, Language: English 
)
(/home/berndt/texlive2012/texmf-dist/tex/latex/beamer/translator/dicts/translat
or-theorem-dictionary/translator-theorem-dictionary-German.dict
Dictionary: translator-theorem-dictionary, Language: German 
)
LaTeX Info: Redefining \includegraphics on input line 74.
LaTeX Info: Redefining \textsc on input line 74.
\c@lstlisting=\count314
 (./slides.nav) <uzl-logo-ITCS.pdf, id=14, 426.79147pt x 113.8112pt>
File: uzl-logo-ITCS.pdf Graphic file (type pdf)
 <use uzl-logo-ITCS.pdf>
Package pdftex.def Info: uzl-logo-ITCS.pdf used on input line 77.
(pdftex.def)             Requested size: 192.05438pt x 51.21455pt.

<logo.pdf, id=15, 597.50829pt x 845.0471pt>
File: logo.pdf Graphic file (type pdf)
 <use logo.pdf>
Package pdftex.def Info: logo.pdf used on input line 77.
(pdftex.def)             Requested size: 101.57506pt x 143.6561pt.

Overfull \vbox (144.73376pt too high) detected at line 77
 []

[1

{/home/berndt/.texlive2012/texmf-var/fonts/map/pdftex/updmap/pdftex.map} </home
/berndt/texmf/tex/latex/uzl-logo-ITCS.pdf> <./logo.pdf>]
LaTeX Font Info:    Try loading font information for OML+Myriad-OsF on input li
ne 161.

(/home/berndt/texmf/tex/latex/MyriadPro/OMLMyriad-OsF.fd
File: OMLMyriad-OsF.fd 2004/09/20 font definitions for OML/Myriad-OsF.
)
LaTeX Font Info:    Try loading font information for OMS+lmsy on input line 161
.

(/home/berndt/texlive2012/texmf-dist/tex/latex/lm/omslmsy.fd
File: omslmsy.fd 2009/10/30 v1.6 Font defs for Latin Modern
)
LaTeX Font Info:    Try loading font information for OMX+lmex on input line 161
.

(/home/berndt/texlive2012/texmf-dist/tex/latex/lm/omxlmex.fd
File: omxlmex.fd 2009/10/30 v1.6 Font defs for Latin Modern
)
LaTeX Font Info:    External font `lmex10' loaded for size
(Font)              <10> on input line 161.
LaTeX Font Info:    External font `lmex10' loaded for size
(Font)              <7> on input line 161.
LaTeX Font Info:    External font `lmex10' loaded for size
(Font)              <5> on input line 161.
LaTeX Font Info:    Try loading font information for U+msa on input line 161.

(/home/berndt/texlive2012/texmf-dist/tex/latex/amsfonts/umsa.fd
File: umsa.fd 2009/06/22 v3.00 AMS symbols A
)
LaTeX Font Info:    Try loading font information for U+msb on input line 161.

(/home/berndt/texlive2012/texmf-dist/tex/latex/amsfonts/umsb.fd
File: umsb.fd 2009/06/22 v3.00 AMS symbols B
)
Overfull \hbox (48.36957pt too wide) detected at line 161
[][][] $[]$[][][][][][][][] $[]$[][][][][][] 
 []

[2

]
Overfull \hbox (48.36957pt too wide) detected at line 161
[][][] $[]$[][][][][][][][] $[]$[][][][][][] 
 []

[3

]
Overfull \hbox (48.36957pt too wide) detected at line 161
[][][] $[]$[][][][][][][][] $[]$[][][][][][] 
 []

[4

]
Overfull \hbox (48.36957pt too wide) detected at line 161
[][][] $[]$[][][][][][][][] $[]$[][][][][][] 
 []

[5

]
Overfull \hbox (48.36957pt too wide) detected at line 161
[][][] $[]$[][][][][][][][] $[]$[][][][][][] 
 []

[6

] [7

] [8

] [9

] [10

] [11

]
Overfull \hbox (34.1432pt too wide) detected at line 248
[][][] $[]$[][][][][][][][] $[]$[][][][][][] 
 []

[12

]
Overfull \hbox (34.1432pt too wide) detected at line 248
[][][] $[]$[][][][][][][][] $[]$[][][][][][] 
 []

[13

]
Overfull \hbox (34.1432pt too wide) detected at line 248
[][][] $[]$[][][][][][][][] $[]$[][][][][][] 
 []

[14

]
Overfull \hbox (34.1432pt too wide) detected at line 284
[][][] $[]$[][][][][][][][] $[]$[][][][][][] 
 []

[15

]
Overfull \hbox (34.1432pt too wide) detected at line 284
[][][] $[]$[][][][][][][][] $[]$[][][][][][] 
 []

[16

]
Overfull \hbox (34.1432pt too wide) detected at line 284
[][][] $[]$[][][][][][][][] $[]$[][][][][][] 
 []

[17

]
Overfull \hbox (34.1432pt too wide) detected at line 284
[][][] $[]$[][][][][][][][] $[]$[][][][][][] 
 []

[18

]
Overfull \hbox (34.1432pt too wide) detected at line 370
[][][] $[]$[][][][][][][][] $[]$[][][][][][] 
 []

LaTeX Font Info:    External font `lmex10' loaded for size
(Font)              <12> on input line 370.
LaTeX Font Info:    External font `lmex10' loaded for size
(Font)              <8> on input line 370.
LaTeX Font Info:    External font `lmex10' loaded for size
(Font)              <6> on input line 370.
[19

]
Overfull \hbox (34.1432pt too wide) detected at line 370
[][][] $[]$[][][][][][][][] $[]$[][][][][][] 
 []

[20

]
Overfull \hbox (34.1432pt too wide) detected at line 370
[][][] $[]$[][][][][][][][] $[]$[][][][][][] 
 []

[21

]
Overfull \hbox (34.1432pt too wide) detected at line 370
[][][] $[]$[][][][][][][][] $[]$[][][][][][] 
 []

[22

] [23

]
Overfull \hbox (34.1432pt too wide) detected at line 434
[][][] $[]$[][][][][][][][] $[]$[][][][][][] 
 []

[24

]
Overfull \hbox (34.1432pt too wide) detected at line 434
[][][] $[]$[][][][][][][][] $[]$[][][][][][] 
 []

[25

] [26

] [27

] [28

] <zoo.png, id=188, 832.10875pt x 496.85625pt>
File: zoo.png Graphic file (type png)
 <use zoo.png>
Package pdftex.def Info: zoo.png used on input line 470.
(pdftex.def)             Requested size: 208.02667pt x 124.21375pt.

Overfull \hbox (34.1432pt too wide) detected at line 470
[][][] $[]$[][][][][][][][] $[]$[][][][][][] 
 []

[29

 <./zoo.png>]
File: zoo.png Graphic file (type png)
 <use zoo.png>
Package pdftex.def Info: zoo.png used on input line 470.
(pdftex.def)             Requested size: 208.02667pt x 124.21375pt.

Overfull \hbox (34.1432pt too wide) detected at line 470
[][][] $[]$[][][][][][][][] $[]$[][][][][][] 
 []

[30

]
Overfull \hbox (34.1432pt too wide) detected at line 502
[][][] $[]$[][][][][][][][] $[]$[][][][][][] 
 []

[31

]
Overfull \hbox (34.1432pt too wide) detected at line 502
[][][] $[]$[][][][][][][][] $[]$[][][][][][] 
 []

[32

]
Overfull \hbox (34.1432pt too wide) detected at line 502
[][][] $[]$[][][][][][][][] $[]$[][][][][][] 
 []

[33

]
Overfull \hbox (34.1432pt too wide) detected at line 502
[][][] $[]$[][][][][][][][] $[]$[][][][][][] 
 []

[34

]
Overfull \hbox (34.1432pt too wide) detected at line 705
[][][] $[]$[][][][][][][][] $[]$[][][][][][] 
 []

[35

]
Overfull \hbox (34.1432pt too wide) detected at line 705
[][][] $[]$[][][][][][][][] $[]$[][][][][][] 
 []

[36

]
Overfull \hbox (34.1432pt too wide) detected at line 705
[][][] $[]$[][][][][][][][] $[]$[][][][][][] 
 []

[37

]
Overfull \hbox (34.1432pt too wide) detected at line 705
[][][] $[]$[][][][][][][][] $[]$[][][][][][] 
 []

[38

]
Overfull \hbox (34.1432pt too wide) detected at line 705
[][][] $[]$[][][][][][][][] $[]$[][][][][][] 
 []

[39

]
Overfull \hbox (34.1432pt too wide) detected at line 705
[][][] $[]$[][][][][][][][] $[]$[][][][][][] 
 []

[40

]
Overfull \hbox (34.1432pt too wide) detected at line 705
[][][] $[]$[][][][][][][][] $[]$[][][][][][] 
 []

[41

]
Overfull \hbox (34.1432pt too wide) detected at line 705
[][][] $[]$[][][][][][][][] $[]$[][][][][][] 
 []

[42

] [43

] [44

] [45

]
Overfull \hbox (34.1432pt too wide) detected at line 772
[][][] $[]$[][][][][][][][] $[]$[][][][][][] 
 []

[46

]
Overfull \hbox (34.1432pt too wide) detected at line 772
[][][] $[]$[][][][][][][][] $[]$[][][][][][] 
 []

[47

]
Overfull \hbox (34.1432pt too wide) detected at line 838
[][][] $[]$[][][][][][][][] $[]$[][][][][][] 
 []

[48

]
Overfull \hbox (34.1432pt too wide) detected at line 838
[][][] $[]$[][][][][][][][] $[]$[][][][][][] 
 []

[49

]
Overfull \hbox (34.1432pt too wide) detected at line 838
[][][] $[]$[][][][][][][][] $[]$[][][][][][] 
 []

[50

] [51

] [52

] [53

] [54

] [55

] [56

] [57

] [58

] [59

] [60

] [61

] [62

] [63

] [64

]
[65

] [66

] [67

]
\tf@nav=\write6
\tf@toc=\write7
\tf@snm=\write8
Package atveryend Info: Empty hook `BeforeClearDocument' on input line 904.
Package atveryend Info: Empty hook `AfterLastShipout' on input line 904.
 (./slides.aux)
Package atveryend Info: Executing hook `AtVeryEndDocument' on input line 904.
Package atveryend Info: Executing hook `AtEndAfterFileList' on input line 904.
Package rerunfilecheck Info: File `slides.out' has not changed.
(rerunfilecheck)             Checksum: D41D8CD98F00B204E9800998ECF8427E;0.
Package atveryend Info: Empty hook `AtVeryVeryEnd' on input line 904.
 )

Here is how much of LuaTeX's memory you used:
 25177 strings out of 494982
 100000,662416 words of node,token memory allocated
 2030 words of node memory still in use:
   25 hlist, 14 vlist, 5 rule, 6 disc, 6 math, 52 glue, 4 kern, 11 penalty, 106
 glyph, 76 glue_spec, 3 write, 4 local_par, 9 pdf_literal, 14 pdf_colorstack no
des
   avail lists: 1:1,2:29,3:1699,4:1367,5:216,6:812,7:126,8:3,9:480,10:96
 27093 multiletter control sequences out of 65536+200000
 77 fonts using 3036635 bytes
 57i,21n,70p,431b,999s stack positions out of 5000i,500n,10000p,200000b,50000s
{/home/berndt/texmf/fonts/enc/dvips/MyriadPro/my-osf-oml.enc}{/home/berndt/texl
ive2012/texmf-dist/fonts/enc/dvips/lm/lm-mathsy.enc}{/home/berndt/texlive2012/t
exmf-dist/fonts/enc/dvips/lm/lm-mathex.enc}{/home/berndt/texmf/fonts/enc/dvips/
MyriadPro/my-lf-t1.enc}</home/berndt/texmf/fonts/type1/Adobe/MyriadPro/MyriadPr
o-It.pfb></home/berndt/texmf/fonts/type1/Adobe/MyriadPro/MyriadPro-Regular.pfb>
</home/berndt/texlive2012/texmf-dist/fonts/type1/public/amsfonts/cm/cmss10.pfb>
</home/berndt/texlive2012/texmf-dist/fonts/type1/public/amsfonts/cm/cmss12.pfb>
</home/berndt/texlive2012/texmf-dist/fonts/type1/public/amsfonts/cm/cmss8.pfb><
/home/berndt/texlive2012/texmf-dist/fonts/type1/public/lm/lmex10.pfb></home/ber
ndt/texlive2012/texmf-dist/fonts/type1/public/lm/lmsy10.pfb></home/berndt/texli
ve2012/texmf-dist/fonts/type1/public/lm/lmsy7.pfb></home/berndt/texlive2012/tex
mf-dist/fonts/type1/public/amsfonts/symbols/msam7.pfb>
Output written on slides.pdf (67 pages, 378023 bytes).

PDF statistics: 438 PDF objects out of 1000 (max. 8388607)
 344 compressed objects within 4 object streams
 135 named destinations out of 1000 (max. 131072)
 22 words of extra memory for PDF output out of 10000 (max. 10000000)

